<?xml version="1.0" encoding="UTF-8"?>
<!-- Generated by org.testng.reporters.JUnitXMLReporter -->
<testsuite ignored="0" hostname="Sylesh" failures="0" tests="5" name="Test" time="50.263" errors="0" timestamp="2026-02-03T12:51:11 IST">
  <testcase classname="TestCases.TC_003_LoginDDT" name="LoginTestDDT" time="2.345"/>
  <testcase classname="TestCases.TC_003_LoginDDT" name="LoginTestDDT" time="10.918"/>
  <testcase classname="TestCases.TC_003_LoginDDT" name="LoginTestDDT" time="11.434"/>
  <testcase classname="TestCases.TC_003_LoginDDT" name="LoginTestDDT" time="11.313"/>
  <testcase classname="TestCases.TC_003_LoginDDT" name="LoginTestDDT" time="1.946"/>
</testsuite> <!-- Test -->
