<?xml version="1.0" encoding="UTF-8"?>
<testng-results ignored="0" total="1" passed="1" failed="0" skipped="0">
  <reporter-output>
  </reporter-output>
  <suite started-at="2025-11-22T11:29:07 IST" name="Suite" finished-at="2025-11-22T11:29:11 IST" duration-ms="3309">
    <groups>
    </groups>
    <test started-at="2025-11-22T11:29:07 IST" name="Test" finished-at="2025-11-22T11:29:11 IST" duration-ms="3309">
      <class name="TestCases.TC_002_LoginTest">
        <test-method is-config="true" signature="setup(java.lang.String,java.lang.String)[pri:0, instance:TestCases.TC_002_LoginTest@62ddbd7e]" started-at="2025-11-22T11:29:07 IST" name="setup" finished-at="2025-11-22T11:29:09 IST" duration-ms="1936" status="PASS">
          <params>
            <param index="0">
              <value>
                <![CDATA[windows]]>
              </value>
            </param>
            <param index="1">
              <value>
                <![CDATA[chrome]]>
              </value>
            </param>
          </params>
          <reporter-output>
          </reporter-output>
        </test-method> <!-- setup -->
        <test-method signature="verifyLogin()[pri:0, instance:TestCases.TC_002_LoginTest@62ddbd7e]" started-at="2025-11-22T11:29:09 IST" name="verifyLogin" finished-at="2025-11-22T11:29:10 IST" duration-ms="1189" status="PASS">
          <reporter-output>
          </reporter-output>
        </test-method> <!-- verifyLogin -->
        <test-method is-config="true" signature="Teardown()[pri:0, instance:TestCases.TC_002_LoginTest@62ddbd7e]" started-at="2025-11-22T11:29:11 IST" name="Teardown" finished-at="2025-11-22T11:29:11 IST" duration-ms="142" status="PASS">
          <reporter-output>
          </reporter-output>
        </test-method> <!-- Teardown -->
      </class> <!-- TestCases.TC_002_LoginTest -->
    </test> <!-- Test -->
  </suite> <!-- Suite -->
</testng-results>
