<?xml version="1.0" encoding="UTF-8"?>
<testng-results ignored="0" total="5" passed="5" failed="0" skipped="0">
  <reporter-output>
  </reporter-output>
  <suite started-at="2026-02-03T12:50:21 IST" name="Suite" finished-at="2026-02-03T12:51:11 IST" duration-ms="50263">
    <groups>
    </groups>
    <test started-at="2026-02-03T12:50:21 IST" name="Test" finished-at="2026-02-03T12:51:11 IST" duration-ms="50263">
      <class name="TestCases.TC_003_LoginDDT">
        <test-method is-config="true" signature="setup(java.lang.String,java.lang.String)[pri:0, instance:TestCases.TC_003_LoginDDT@62ddbd7e]" started-at="2026-02-03T12:50:21 IST" name="setup" finished-at="2026-02-03T12:50:31 IST" duration-ms="9884" status="PASS">
          <params>
            <param index="0">
              <value>
                <![CDATA[windows]]>
              </value>
            </param>
            <param index="1">
              <value>
                <![CDATA[chrome]]>
              </value>
            </param>
          </params>
          <reporter-output>
          </reporter-output>
        </test-method> <!-- setup -->
        <test-method signature="LoginTestDDT(java.lang.String,java.lang.String,java.lang.String)[pri:0, instance:TestCases.TC_003_LoginDDT@62ddbd7e]" started-at="2026-02-03T12:50:33 IST" name="LoginTestDDT" data-provider="LoginData" finished-at="2026-02-03T12:50:35 IST" duration-ms="2345" status="PASS">
          <params>
            <param index="0">
              <value>
                <![CDATA[aqwsa@gmail.com]]>
              </value>
            </param>
            <param index="1">
              <value>
                <![CDATA[qwerty@123]]>
              </value>
            </param>
            <param index="2">
              <value>
                <![CDATA[valid]]>
              </value>
            </param>
          </params>
          <reporter-output>
          </reporter-output>
        </test-method> <!-- LoginTestDDT -->
        <test-method signature="LoginTestDDT(java.lang.String,java.lang.String,java.lang.String)[pri:0, instance:TestCases.TC_003_LoginDDT@62ddbd7e]" started-at="2026-02-03T12:50:35 IST" name="LoginTestDDT" data-provider="LoginData" finished-at="2026-02-03T12:50:46 IST" duration-ms="10918" status="PASS">
          <params>
            <param index="0">
              <value>
                <![CDATA[Sylesh@gmail.com]]>
              </value>
            </param>
            <param index="1">
              <value>
                <![CDATA[sylesh]]>
              </value>
            </param>
            <param index="2">
              <value>
                <![CDATA[Invalid]]>
              </value>
            </param>
          </params>
          <reporter-output>
          </reporter-output>
        </test-method> <!-- LoginTestDDT -->
        <test-method signature="LoginTestDDT(java.lang.String,java.lang.String,java.lang.String)[pri:0, instance:TestCases.TC_003_LoginDDT@62ddbd7e]" started-at="2026-02-03T12:50:46 IST" name="LoginTestDDT" data-provider="LoginData" finished-at="2026-02-03T12:50:57 IST" duration-ms="11434" status="PASS">
          <params>
            <param index="0">
              <value>
                <![CDATA[sai@gmail.com]]>
              </value>
            </param>
            <param index="1">
              <value>
                <![CDATA[sai12]]>
              </value>
            </param>
            <param index="2">
              <value>
                <![CDATA[Invalid]]>
              </value>
            </param>
          </params>
          <reporter-output>
          </reporter-output>
        </test-method> <!-- LoginTestDDT -->
        <test-method signature="LoginTestDDT(java.lang.String,java.lang.String,java.lang.String)[pri:0, instance:TestCases.TC_003_LoginDDT@62ddbd7e]" started-at="2026-02-03T12:50:57 IST" name="LoginTestDDT" data-provider="LoginData" finished-at="2026-02-03T12:51:09 IST" duration-ms="11313" status="PASS">
          <params>
            <param index="0">
              <value>
                <![CDATA[Adi@gmail.com]]>
              </value>
            </param>
            <param index="1">
              <value>
                <![CDATA[adi@1234]]>
              </value>
            </param>
            <param index="2">
              <value>
                <![CDATA[Invalid]]>
              </value>
            </param>
          </params>
          <reporter-output>
          </reporter-output>
        </test-method> <!-- LoginTestDDT -->
        <test-method signature="LoginTestDDT(java.lang.String,java.lang.String,java.lang.String)[pri:0, instance:TestCases.TC_003_LoginDDT@62ddbd7e]" started-at="2026-02-03T12:51:09 IST" name="LoginTestDDT" data-provider="LoginData" finished-at="2026-02-03T12:51:11 IST" duration-ms="1946" status="PASS">
          <params>
            <param index="0">
              <value>
                <![CDATA[aqwsa@gmail.com]]>
              </value>
            </param>
            <param index="1">
              <value>
                <![CDATA[qwerty@123]]>
              </value>
            </param>
            <param index="2">
              <value>
                <![CDATA[valid]]>
              </value>
            </param>
          </params>
          <reporter-output>
          </reporter-output>
        </test-method> <!-- LoginTestDDT -->
        <test-method is-config="true" signature="Teardown()[pri:0, instance:TestCases.TC_003_LoginDDT@62ddbd7e]" started-at="2026-02-03T12:51:11 IST" name="Teardown" finished-at="2026-02-03T12:51:11 IST" duration-ms="280" status="PASS">
          <reporter-output>
          </reporter-output>
        </test-method> <!-- Teardown -->
      </class> <!-- TestCases.TC_003_LoginDDT -->
    </test> <!-- Test -->
  </suite> <!-- Suite -->
</testng-results>
