<?xml version="1.0" encoding="UTF-8"?>
<!-- Generated by org.testng.reporters.JUnitReportReporter -->
<testsuite hostname="Sylesh" failures="0" tests="5" name="TestCases.TC_003_LoginDDT" time="37.956" errors="0" timestamp="2026-02-03T12:51:11 IST" skipped="0">
  <testcase classname="TestCases.TC_003_LoginDDT" name="LoginTestDDT" time="11.434"/>
  <testcase classname="TestCases.TC_003_LoginDDT" name="LoginTestDDT" time="10.918"/>
  <testcase classname="TestCases.TC_003_LoginDDT" name="LoginTestDDT" time="2.345"/>
  <testcase classname="TestCases.TC_003_LoginDDT" name="LoginTestDDT" time="1.946"/>
  <testcase classname="TestCases.TC_003_LoginDDT" name="LoginTestDDT" time="11.313"/>
</testsuite> <!-- TestCases.TC_003_LoginDDT -->
